<?xml version="1.0" encoding="UTF-8"?>
<!-- Generated by org.testng.reporters.JUnitReportReporter -->
<testsuite skipped="0" hostname="U0167451-TPL-A" name="com.mytime.qa.testcases.WeeklyPageTest" tests="1" failures="0" timestamp="14 Jun 2018 12:08:33 GMT" time="45.824" errors="0">
  <testcase name="ClearMaintenanceLTIOSupportTest" time="45.824" classname="com.mytime.qa.testcases.WeeklyPageTest"/>
</testsuite> <!-- com.mytime.qa.testcases.WeeklyPageTest -->
