<?xml version="1.0" encoding="UTF-8"?>
<!-- Generated by org.testng.reporters.JUnitReportReporter -->
<testsuite skipped="0" hostname="U0167451-TPL-A" name="com.mytime.qa.testcases.LoginPageTest" tests="3" failures="0" timestamp="08 Jun 2018 11:29:45 GMT" time="55.519" errors="0">
  <testcase name="MytimeLogoTest" time="14.453" classname="com.mytime.qa.testcases.LoginPageTest"/>
  <testcase name="loginTest" time="28.564" classname="com.mytime.qa.testcases.LoginPageTest"/>
  <testcase name="loginPageTitleTest" time="12.502" classname="com.mytime.qa.testcases.LoginPageTest"/>
</testsuite> <!-- com.mytime.qa.testcases.LoginPageTest -->
