<?xml version="1.0" encoding="UTF-8"?>
<!-- Generated by org.testng.reporters.JUnitReportReporter -->
<testsuite skipped="0" hostname="U0167451-TPL-A" name="com.mytime.qa.testcases.HomePageTest" tests="1" failures="0" timestamp="08 Jun 2018 16:56:30 GMT" time="41.944" errors="0">
  <testcase name="verifyWeeklyViewLablePage" time="41.944" classname="com.mytime.qa.testcases.HomePageTest"/>
</testsuite> <!-- com.mytime.qa.testcases.HomePageTest -->
